2025-11-03 14:06:23,542 - __main__ - INFO - Found 2 games for 2025-10-21
2025-11-03 14:06:23,542 - __main__ - INFO - Scraping game 401809243
2025-11-03 14:06:24,308 - __main__ - INFO - Scraping game 401809244
2025-11-03 14:06:28,960 - __main__ - WARNING - No features extracted for 2025-10-21
2025-11-03 14:06:38,139 - __main__ - INFO - Found 2 games for 2025-10-21
2025-11-03 14:06:38,139 - __main__ - INFO - Scraping game 401809243
2025-11-03 14:06:38,591 - __main__ - INFO - Scraping game 401809244
2025-11-03 14:06:42,737 - __main__ - INFO - Added features to results file
2025-11-03 14:06:51,652 - __main__ - INFO - Found 2 games for 2025-10-21
2025-11-03 14:06:51,652 - __main__ - INFO - Scraping game 401809243
2025-11-03 14:06:52,398 - __main__ - INFO - Scraping game 401809244
2025-11-03 14:06:52,721 - __main__ - INFO - Added features to results file
2025-11-03 14:07:13,735 - __main__ - INFO - Found 2 games for 2025-10-21
2025-11-03 14:07:13,736 - __main__ - INFO - Scraping game 401809243
2025-11-03 14:07:14,051 - __main__ - INFO - Scraping game 401809244
2025-11-03 14:07:14,390 - __main__ - INFO - Added features to results file
2025-11-03 14:07:23,789 - __main__ - INFO - Found 2 games for 2025-10-21
2025-11-03 14:07:23,789 - __main__ - INFO - Scraping game 401809243
2025-11-03 14:07:24,233 - __main__ - INFO - Scraping game 401809244
2025-11-03 14:07:24,561 - __main__ - INFO - Added features to results file
2025-11-03 14:09:29,686 - __main__ - INFO - Found 2 games for 2025-10-21
2025-11-03 14:09:29,688 - __main__ - INFO - Scraping game 401809243
2025-11-03 14:09:30,377 - __main__ - INFO - Scraping game 401809244
2025-11-03 14:09:30,867 - __main__ - INFO - Added features to results file
2025-11-03 14:09:39,659 - __main__ - INFO - Found 2 games for 2025-10-21
2025-11-03 14:09:39,660 - __main__ - INFO - Scraping game 401809243
2025-11-03 14:09:39,974 - __main__ - INFO - Scraping game 401809244
2025-11-03 14:09:40,299 - __main__ - INFO - Added features to results file
2025-11-03 14:09:46,096 - __main__ - INFO - Found 2 games for 2025-10-21
2025-11-03 14:09:46,097 - __main__ - INFO - Scraping game 401809243
2025-11-03 14:09:46,422 - __main__ - INFO - Scraping game 401809244
2025-11-03 14:09:46,734 - __main__ - INFO - Added features to results file
2025-11-03 14:10:00,044 - __main__ - INFO - Found 2 games for 2025-10-21
2025-11-03 14:10:00,044 - __main__ - INFO - Scraping game 401809243
2025-11-03 14:10:00,366 - __main__ - INFO - Scraping game 401809244
2025-11-03 14:10:02,545 - __main__ - INFO - Added features to results file
2025-11-03 14:10:33,466 - __main__ - INFO - Found 2 games for 2025-10-21
2025-11-03 14:10:33,467 - __main__ - INFO - Scraping game 401809243
2025-11-03 14:10:33,773 - __main__ - INFO - Scraping game 401809244
2025-11-03 14:10:34,104 - __main__ - INFO - Added features to results file
2025-11-03 14:10:35,428 - __main__ - INFO - Found 12 games for 2025-10-22
2025-11-03 14:10:35,429 - __main__ - INFO - Scraping game 401809234
2025-11-03 14:10:35,938 - __main__ - INFO - Scraping game 401809933
2025-11-03 14:10:36,553 - __main__ - INFO - Scraping game 401809934
2025-11-03 14:10:37,262 - __main__ - INFO - Scraping game 401809935
2025-11-03 14:10:37,863 - __main__ - INFO - Scraping game 401809936
2025-11-03 14:10:38,571 - __main__ - INFO - Scraping game 401809937
2025-11-03 14:10:39,186 - __main__ - INFO - Scraping game 401809938
2025-11-03 14:10:39,765 - __main__ - INFO - Scraping game 401809939
2025-11-03 14:10:40,259 - __main__ - INFO - Scraping game 401809940
2025-11-03 14:10:40,868 - __main__ - INFO - Scraping game 401809235
2025-11-03 14:10:41,550 - __main__ - INFO - Scraping game 401809941
2025-11-03 14:10:42,215 - __main__ - INFO - Scraping game 401809942
2025-11-03 14:10:56,836 - __main__ - INFO - Added features to results file
2025-11-03 14:11:00,169 - __main__ - INFO - Found 2 games for 2025-10-23
2025-11-03 14:11:00,169 - __main__ - INFO - Scraping game 401809236
2025-11-03 14:11:00,832 - __main__ - INFO - Scraping game 401809237
2025-11-03 14:11:03,481 - __main__ - INFO - Added features to results file
2025-11-03 14:11:07,718 - __main__ - INFO - Found 5 games for 2025-10-25
2025-11-03 14:11:07,719 - __main__ - INFO - Scraping game 401809955
2025-11-03 14:11:08,489 - __main__ - INFO - Scraping game 401809956
2025-11-03 14:11:09,033 - __main__ - INFO - Scraping game 401809957
2025-11-03 14:11:09,617 - __main__ - INFO - Scraping game 401809958
2025-11-03 14:11:10,205 - __main__ - INFO - Scraping game 401809959
2025-11-03 14:11:16,767 - __main__ - INFO - Added features to results file
2025-11-03 14:11:19,691 - __main__ - INFO - Found 12 games for 2025-10-22
2025-11-03 14:11:19,691 - __main__ - INFO - Scraping game 401809234
2025-11-03 14:11:20,143 - __main__ - INFO - Scraping game 401809933
2025-11-03 14:11:21,515 - __main__ - INFO - Scraping game 401809934
2025-11-03 14:11:21,820 - __main__ - INFO - Scraping game 401809935
2025-11-03 14:11:22,421 - __main__ - INFO - Scraping game 401809936
2025-11-03 14:11:22,916 - __main__ - INFO - Scraping game 401809937
2025-11-03 14:11:24,451 - __main__ - INFO - Scraping game 401809938
2025-11-03 14:11:25,163 - __main__ - INFO - Scraping game 401809939
2025-11-03 14:11:25,646 - __main__ - INFO - Scraping game 401809940
2025-11-03 14:11:26,209 - __main__ - INFO - Scraping game 401809235
2025-11-03 14:11:26,629 - __main__ - INFO - Scraping game 401809941
2025-11-03 14:11:27,197 - __main__ - INFO - Scraping game 401809942
2025-11-03 14:11:27,642 - __main__ - INFO - Added features to results file
2025-11-03 14:11:34,722 - __main__ - INFO - Found 5 games for 2025-10-25
2025-11-03 14:11:34,722 - __main__ - INFO - Scraping game 401809955
2025-11-03 14:11:35,164 - __main__ - INFO - Scraping game 401809956
2025-11-03 14:11:35,583 - __main__ - INFO - Scraping game 401809957
2025-11-03 14:11:36,052 - __main__ - INFO - Scraping game 401809958
2025-11-03 14:11:37,353 - __main__ - INFO - Scraping game 401809959
2025-11-03 14:11:37,825 - __main__ - INFO - Added features to results file
2025-11-03 14:11:39,671 - __main__ - INFO - Added historical features to input file
2025-11-03 14:11:40,987 - __main__ - INFO - Found 2 games for 2025-10-21
2025-11-03 14:11:40,988 - __main__ - INFO - Scraping game 401809243
2025-11-03 14:11:41,300 - __main__ - INFO - Scraping game 401809244
2025-11-03 14:11:41,623 - __main__ - INFO - Added features to results file
2025-11-03 14:11:42,948 - __main__ - INFO - Found 12 games for 2025-10-22
2025-11-03 14:11:42,948 - __main__ - INFO - Scraping game 401809234
2025-11-03 14:11:43,697 - __main__ - INFO - Scraping game 401809933
2025-11-03 14:11:44,091 - __main__ - INFO - Scraping game 401809934
2025-11-03 14:11:44,569 - __main__ - INFO - Scraping game 401809935
2025-11-03 14:11:45,047 - __main__ - INFO - Scraping game 401809936
2025-11-03 14:11:45,458 - __main__ - INFO - Scraping game 401809937
2025-11-03 14:11:45,961 - __main__ - INFO - Scraping game 401809938
2025-11-03 14:11:46,431 - __main__ - INFO - Scraping game 401809939
2025-11-03 14:11:47,045 - __main__ - INFO - Scraping game 401809940
2025-11-03 14:11:47,333 - __main__ - INFO - Scraping game 401809235
2025-11-03 14:11:47,769 - __main__ - INFO - Scraping game 401809941
2025-11-03 14:11:48,363 - __main__ - INFO - Scraping game 401809942
2025-11-03 14:11:48,872 - __main__ - INFO - Added features to results file
2025-11-03 14:11:51,730 - __main__ - INFO - Found 5 games for 2025-10-25
2025-11-03 14:11:51,730 - __main__ - INFO - Scraping game 401809955
2025-11-03 14:11:52,033 - __main__ - INFO - Scraping game 401809956
2025-11-03 14:11:52,359 - __main__ - INFO - Scraping game 401809957
2025-11-03 14:11:52,655 - __main__ - INFO - Scraping game 401809958
2025-11-03 14:11:53,109 - __main__ - INFO - Scraping game 401809959
2025-11-03 14:11:53,444 - __main__ - INFO - Added features to results file
2025-11-03 14:11:55,605 - __main__ - INFO - Added historical features to input file
2025-11-03 14:11:56,704 - __main__ - INFO - Found 5 games for 2025-10-28
2025-11-03 14:11:56,705 - __main__ - INFO - Scraping game 401809978
2025-11-03 14:11:57,274 - __main__ - INFO - Scraping game 401809979
2025-11-03 14:11:57,843 - __main__ - INFO - Scraping game 401809980
2025-11-03 14:11:58,543 - __main__ - INFO - Scraping game 401809981
2025-11-03 14:11:59,436 - __main__ - INFO - Scraping game 401809982
2025-11-03 14:12:04,667 - __main__ - INFO - Added features to results file
2025-11-03 14:12:06,127 - __main__ - INFO - Added historical features to input file
2025-11-03 14:12:13,444 - __main__ - INFO - Found 12 games for 2025-10-22
2025-11-03 14:12:13,445 - __main__ - INFO - Scraping game 401809234
2025-11-03 14:12:13,825 - __main__ - INFO - Scraping game 401809933
2025-11-03 14:12:14,143 - __main__ - INFO - Scraping game 401809934
2025-11-03 14:12:14,461 - __main__ - INFO - Scraping game 401809935
2025-11-03 14:12:14,765 - __main__ - INFO - Scraping game 401809936
2025-11-03 14:12:15,077 - __main__ - INFO - Scraping game 401809937
2025-11-03 14:12:15,544 - __main__ - INFO - Scraping game 401809938
2025-11-03 14:12:15,856 - __main__ - INFO - Scraping game 401809939
2025-11-03 14:12:16,217 - __main__ - INFO - Scraping game 401809940
2025-11-03 14:12:16,645 - __main__ - INFO - Scraping game 401809235
2025-11-03 14:12:17,061 - __main__ - INFO - Scraping game 401809941
2025-11-03 14:12:17,367 - __main__ - INFO - Scraping game 401809942
2025-11-03 14:12:17,714 - __main__ - INFO - Added features to results file
2025-11-03 14:12:25,673 - __main__ - INFO - Found 4 games for 2025-10-30
2025-11-03 14:12:25,673 - __main__ - INFO - Scraping game 401809993
2025-11-03 14:12:26,268 - __main__ - INFO - Scraping game 401809994
2025-11-03 14:12:26,877 - __main__ - INFO - Scraping game 401809995
2025-11-03 14:12:27,509 - __main__ - INFO - Scraping game 401809996
2025-11-03 14:12:31,897 - __main__ - INFO - Added features to results file
2025-11-03 14:12:34,201 - __main__ - INFO - Added historical features to input file
2025-11-03 14:15:06,608 - __main__ - INFO - Found 2 games for 2025-10-21
2025-11-03 14:15:06,609 - __main__ - INFO - Scraping game 401809243
2025-11-03 14:15:06,911 - __main__ - INFO - Scraping game 401809244
2025-11-03 14:15:07,234 - __main__ - INFO - Added features to results file
2025-11-03 14:15:15,594 - __main__ - INFO - Found 2 games for 2025-10-21
2025-11-03 14:15:15,594 - __main__ - INFO - Scraping game 401809243
2025-11-03 14:15:15,932 - __main__ - INFO - Scraping game 401809244
2025-11-03 14:15:16,271 - __main__ - INFO - Added features to results file
2025-11-03 14:15:22,701 - __main__ - INFO - Found 12 games for 2025-10-22
2025-11-03 14:15:22,701 - __main__ - INFO - Scraping game 401809234
2025-11-03 14:15:23,019 - __main__ - INFO - Scraping game 401809933
2025-11-03 14:15:23,501 - __main__ - INFO - Scraping game 401809934
2025-11-03 14:15:24,099 - __main__ - INFO - Scraping game 401809935
2025-11-03 14:15:24,398 - __main__ - INFO - Scraping game 401809936
2025-11-03 14:15:24,696 - __main__ - INFO - Scraping game 401809937
2025-11-03 14:15:25,013 - __main__ - INFO - Scraping game 401809938
2025-11-03 14:15:25,353 - __main__ - INFO - Scraping game 401809939
2025-11-03 14:15:25,751 - __main__ - INFO - Scraping game 401809940
2025-11-03 14:15:26,172 - __main__ - INFO - Scraping game 401809235
2025-11-03 14:15:26,481 - __main__ - INFO - Scraping game 401809941
2025-11-03 14:15:26,941 - __main__ - INFO - Scraping game 401809942
2025-11-03 14:15:27,355 - __main__ - INFO - Added features to results file
2025-11-03 14:15:35,916 - __main__ - INFO - Found 2 games for 2025-10-21
2025-11-03 14:15:35,917 - __main__ - INFO - Scraping game 401809243
2025-11-03 14:15:36,239 - __main__ - INFO - Scraping game 401809244
2025-11-03 14:15:36,579 - __main__ - INFO - Added features to results file
2025-11-03 14:15:54,053 - __main__ - INFO - Found 2 games for 2025-10-21
2025-11-03 14:15:54,053 - __main__ - INFO - Scraping game 401809243
2025-11-03 14:15:54,372 - __main__ - INFO - Scraping game 401809244
2025-11-03 14:15:54,824 - __main__ - INFO - Added features to results file
2025-11-03 14:15:56,414 - __main__ - INFO - Found 2 games for 2025-10-21
2025-11-03 14:15:56,414 - __main__ - INFO - Scraping game 401809243
2025-11-03 14:15:56,748 - __main__ - INFO - Scraping game 401809244
2025-11-03 14:15:57,098 - __main__ - INFO - Added features to results file
2025-11-03 14:16:07,877 - __main__ - INFO - Found 2 games for 2025-10-21
2025-11-03 14:16:07,877 - __main__ - INFO - Scraping game 401809243
2025-11-03 14:16:08,252 - __main__ - INFO - Scraping game 401809244
2025-11-03 14:16:08,575 - __main__ - INFO - Added features to results file
2025-11-03 14:16:24,717 - __main__ - INFO - Found 2 games for 2025-10-21
2025-11-03 14:16:24,717 - __main__ - INFO - Scraping game 401809243
2025-11-03 14:16:25,163 - __main__ - INFO - Scraping game 401809244
2025-11-03 14:16:25,607 - __main__ - INFO - Added features to results file
2025-11-03 14:16:32,642 - __main__ - INFO - Found 2 games for 2025-10-21
2025-11-03 14:16:32,665 - __main__ - INFO - Added features to results file
2025-11-03 14:20:15,736 - __main__ - INFO - Found 2 games for 2025-10-21
2025-11-03 14:20:15,753 - __main__ - INFO - Added features to results file
2025-11-03 14:20:17,036 - __main__ - INFO - Found 12 games for 2025-10-22
2025-11-03 14:20:17,070 - __main__ - INFO - Added features to results file
2025-11-03 14:20:20,227 - __main__ - INFO - Found 2 games for 2025-10-23
2025-11-03 14:20:20,244 - __main__ - INFO - Added features to results file
2025-11-03 14:20:20,823 - __main__ - INFO - Added historical features to input file
2025-11-03 14:20:22,167 - __main__ - INFO - Found 12 games for 2025-10-24
2025-11-03 14:20:22,167 - __main__ - INFO - Scraping game 401809946
2025-11-03 14:20:22,846 - __main__ - INFO - Scraping game 401809943
2025-11-03 14:20:23,450 - __main__ - INFO - Scraping game 401809944
2025-11-03 14:20:24,068 - __main__ - INFO - Scraping game 401809945
2025-11-03 14:20:24,640 - __main__ - INFO - Scraping game 401809947
2025-11-03 14:20:25,208 - __main__ - INFO - Scraping game 401809949
2025-11-03 14:20:25,807 - __main__ - INFO - Scraping game 401809950
2025-11-03 14:20:26,434 - __main__ - INFO - Scraping game 401809951
2025-11-03 14:20:26,996 - __main__ - INFO - Scraping game 401809952
2025-11-03 14:20:27,559 - __main__ - INFO - Scraping game 401809953
2025-11-03 14:20:36,826 - __main__ - INFO - Added features to results file
2025-11-03 14:20:39,541 - __main__ - INFO - Added historical features to input file
2025-11-03 14:20:40,872 - __main__ - INFO - Found 5 games for 2025-10-25
2025-11-03 14:20:40,893 - __main__ - INFO - Added features to results file
2025-11-03 14:20:43,397 - __main__ - INFO - Added historical features to input file
2025-11-03 14:20:44,378 - __main__ - INFO - Found 9 games for 2025-10-26
2025-11-03 14:20:44,378 - __main__ - INFO - Scraping game 401809960
2025-11-03 14:20:44,933 - __main__ - INFO - Scraping game 401809961
2025-11-03 14:20:45,524 - __main__ - INFO - Scraping game 401809962
2025-11-03 14:20:46,319 - __main__ - INFO - Scraping game 401809963
2025-11-03 14:20:46,887 - __main__ - INFO - Scraping game 401809964
2025-11-03 14:20:47,551 - __main__ - INFO - Game 401809964: scoreboard says 2025-10-26, boxscore says 2025-10-22 (timezone difference)
2025-11-03 14:20:47,551 - __main__ - INFO - Scraping game 401809965
2025-11-03 14:20:48,122 - __main__ - INFO - Scraping game 401809966
2025-11-03 14:20:48,730 - __main__ - INFO - Scraping game 401809967
2025-11-03 14:20:49,354 - __main__ - INFO - Scraping game 401809968
2025-11-03 14:20:58,142 - __main__ - INFO - Added features to results file
2025-11-03 14:21:02,533 - __main__ - INFO - Added historical features to input file
2025-11-03 14:21:03,730 - __main__ - INFO - Found 11 games for 2025-10-27
2025-11-03 14:21:03,730 - __main__ - INFO - Scraping game 401809245
2025-11-03 14:21:04,291 - __main__ - INFO - Scraping game 401809969
2025-11-03 14:21:04,856 - __main__ - INFO - Scraping game 401809970
2025-11-03 14:21:05,424 - __main__ - INFO - Scraping game 401809971
2025-11-03 14:21:05,988 - __main__ - INFO - Scraping game 401809972
2025-11-03 14:21:06,553 - __main__ - INFO - Scraping game 401809973
2025-11-03 14:21:07,126 - __main__ - INFO - Scraping game 401809975
2025-11-03 14:21:07,772 - __main__ - INFO - Scraping game 401809246
2025-11-03 14:21:08,400 - __main__ - INFO - Scraping game 401809977
2025-11-03 14:21:18,271 - __main__ - INFO - Added features to results file
2025-11-03 14:21:24,326 - __main__ - INFO - Added historical features to input file
2025-11-03 14:21:25,422 - __main__ - INFO - Found 5 games for 2025-10-28
2025-11-03 14:21:25,442 - __main__ - INFO - Added features to results file
2025-11-03 14:21:27,859 - __main__ - INFO - Added historical features to input file
2025-11-03 14:21:28,840 - __main__ - INFO - Found 10 games for 2025-10-29
2025-11-03 14:21:28,841 - __main__ - INFO - Scraping game 401809986
2025-11-03 14:21:29,384 - __main__ - INFO - Scraping game 401809983
2025-11-03 14:21:29,964 - __main__ - INFO - Scraping game 401809984
2025-11-03 14:21:30,533 - __main__ - INFO - Scraping game 401809985
2025-11-03 14:21:31,112 - __main__ - INFO - Scraping game 401809987
2025-11-03 14:21:31,762 - __main__ - INFO - Scraping game 401809988
2025-11-03 14:21:32,486 - __main__ - INFO - Scraping game 401809989
2025-11-03 14:21:33,069 - __main__ - INFO - Scraping game 401809990
2025-11-03 14:21:33,721 - __main__ - INFO - Scraping game 401809991
2025-11-03 14:21:34,267 - __main__ - INFO - Scraping game 401809992
2025-11-03 14:21:40,945 - __main__ - INFO - Added features to results file
2025-11-03 14:21:47,850 - __main__ - INFO - Added historical features to input file
2025-11-03 14:21:49,105 - __main__ - INFO - Found 4 games for 2025-10-30
2025-11-03 14:21:49,124 - __main__ - INFO - Added features to results file
2025-11-03 14:21:53,300 - __main__ - INFO - Added historical features to input file
2025-11-03 14:21:54,313 - __main__ - INFO - Found 8 games for 2025-10-31
2025-11-03 14:21:54,313 - __main__ - INFO - Scraping game 401809502
2025-11-03 14:21:55,018 - __main__ - INFO - Scraping game 401809503
2025-11-03 14:21:55,610 - __main__ - INFO - Scraping game 401809504
2025-11-03 14:21:56,210 - __main__ - INFO - Scraping game 401809505
2025-11-03 14:21:56,813 - __main__ - INFO - Scraping game 401809506
2025-11-03 14:21:57,366 - __main__ - INFO - Scraping game 401809507
2025-11-03 14:21:57,812 - __main__ - INFO - Scraping game 401809508
2025-11-03 14:21:58,396 - __main__ - INFO - Scraping game 401809509
2025-11-03 14:22:05,667 - __main__ - INFO - Added features to results file
2025-11-03 14:22:14,337 - __main__ - INFO - Added historical features to input file
2025-11-03 14:22:15,494 - __main__ - INFO - Found 6 games for 2025-11-01
2025-11-03 14:22:15,495 - __main__ - INFO - Scraping game 401809997
2025-11-03 14:22:15,954 - __main__ - INFO - Scraping game 401809998
2025-11-03 14:22:16,502 - __main__ - INFO - Scraping game 401809999
2025-11-03 14:22:17,091 - __main__ - INFO - Scraping game 401810000
2025-11-03 14:22:17,586 - __main__ - INFO - Scraping game 401810001
2025-11-03 14:22:18,030 - __main__ - INFO - Scraping game 401810002
2025-11-03 14:22:22,890 - __main__ - INFO - Added features to results file
2025-11-03 14:22:27,284 - __main__ - INFO - Added historical features to input file
2025-11-03 14:22:28,383 - __main__ - INFO - Found 8 games for 2025-11-02
2025-11-03 14:22:28,383 - __main__ - INFO - Scraping game 401810003
2025-11-03 14:22:28,816 - __main__ - INFO - Scraping game 401810004
2025-11-03 14:22:29,396 - __main__ - INFO - Scraping game 401810005
2025-11-03 14:22:29,946 - __main__ - INFO - Scraping game 401810006
2025-11-03 14:22:30,390 - __main__ - INFO - Scraping game 401810007
2025-11-03 14:22:30,879 - __main__ - INFO - Scraping game 401810008
2025-11-03 14:22:31,325 - __main__ - INFO - Scraping game 401810009
2025-11-03 14:22:31,906 - __main__ - INFO - Scraping game 401810010
2025-11-03 14:22:38,397 - __main__ - INFO - Added features to results file
2025-11-03 14:22:45,183 - __main__ - INFO - Added historical features to input file
